<beans xmlns="http://www.springframework.org/schema/beans"
   xmlns:context="http://www.springframework.org/schema/context"
   xmlns:xsi="http://www.w3.org/2001/XMLSchema-instance"
   xmlns:mvc="http://www.springframework.org/schema/mvc"
   xsi:schemaLocation="
        http://www.springframework.org/schema/beans     
        http://www.springframework.org/schema/beans/spring-beans-3.0.xsd
        http://www.springframework.org/schema/context 
        http://www.springframework.org/schema/context/spring-context-3.0.xsd
        http://www.springframework.org/schema/mvc
        http://www.springframework.org/schema/mvc/spring-mvc.xsd">

    <import resource="file:conf/application-context.xml"/>

    <bean id="testUserAdminHelper" class="org.sagebionetworks.bridge.TestUserAdminHelper" depends-on="studyConsentBootstrapper">
        <property name="userAdminService" ref="userAdminService"/>
        <property name="authService" ref="authenticationService"/>
        <property name="studyService" ref="studyService"/>
    </bean>
 
    <bean id="studyConsentBootstrapper" class="org.sagebionetworks.bridge.StudyConsentBootstrapper">
        <constructor-arg index="0" ref="studyService" />
        <constructor-arg index="1" ref="studyConsentDao" />
    </bean>

</beans>
