<beans xmlns="http://www.springframework.org/schema/beans"
   xmlns:context="http://www.springframework.org/schema/context"
   xmlns:xsi="http://www.w3.org/2001/XMLSchema-instance"
   xmlns:mvc="http://www.springframework.org/schema/mvc"
   xsi:schemaLocation="
        http://www.springframework.org/schema/beans     
        http://www.springframework.org/schema/beans/spring-beans-3.0.xsd
        http://www.springframework.org/schema/context 
        http://www.springframework.org/schema/context/spring-context-3.0.xsd
        http://www.springframework.org/schema/mvc
        http://www.springframework.org/schema/mvc/spring-mvc.xsd">

    <import resource="file:conf/application-context.xml"/>
    
    <bean id="testUserAdminHelper" class="org.sagebionetworks.bridge.TestUserAdminHelper">
        <property name="userAdminService" ref="userAdminService"/>
        <property name="authService" ref="authenticationService"/>
        <property name="studyService" ref="studyService"/>
    </bean>
    
    <bean id="studyService" class="org.sagebionetworks.bridge.services.StudyServiceImpl">
        <property name="studies">
            <list>
                <bean class="org.sagebionetworks.bridge.models.Study">
                    <constructor-arg index="0" value="Parkinsonâ€™s Disease Mobile Study"/>
                    <constructor-arg index="1" value="neurod"/>
                    <constructor-arg index="2" value="17"/>
                    <constructor-arg index="3" value="#{bridgeConfig.getProperty('stormpath.neurod.directory.href')}"/>
                    <constructor-arg index="4">
                        <list>
                            <value>10.0.2.2</value> <!-- IE VirtualBox Machine, local development -->
                            <value>localhost</value>
                            <value>bridge-develop.herokuapp.com</value>
                            <value>bridge-uat.herokuapp.com</value>
                            <value>pd-staging.sagebridge.org</value>
                            <value>pd.sagebridge.org</value>
                        </list>
                    </constructor-arg>
                    <constructor-arg index="5">
                        <list>
                            <ref bean="pb-tracker"/>
                            <ref bean="med-tracker"/>
                        </list>
                    </constructor-arg>
                    <constructor-arg index="6" value="file:conf/email-templates/neurod-consent.html"/>
                    <constructor-arg index="7" value="neurod_researcher"/>                       
                </bean>
                <bean class="org.sagebionetworks.bridge.models.Study">
                    <constructor-arg index="0" value="Second Study"/>
                    <constructor-arg index="1" value="secondstudy"/>
                    <constructor-arg index="2" value="17"/>
                    <constructor-arg index="3" value="#{bridgeConfig.getProperty('stormpath.secondstudy.directory.href')}"/>
                    <constructor-arg index="4">
                        <list>
                            <value>localhost:8888</value> <!-- just to register it -->
                        </list>
                    </constructor-arg>
                    <constructor-arg index="5">
                        <list></list>
                    </constructor-arg>
                    <constructor-arg index="6" value="file:conf/email-templates/secondstudy-consent.html"/>
                    <constructor-arg index="7" value="secondstudy_researcher"/>
                </bean>
            </list>
        </property>
    </bean>
    
</beans>
